23:14:02.405 [Worker-8] INFO  o.a.AndroidAnnotationProcessor:84 - Initialize AndroidAnnotations 3.1 with options {phase=BUILD}
23:23:40.118 [Worker-0] INFO  o.a.AndroidAnnotationProcessor:84 - Initialize AndroidAnnotations 3.1 with options {phase=BUILD}
23:23:42.232 [Worker-13] INFO  o.a.AndroidAnnotationProcessor:84 - Initialize AndroidAnnotations 3.1 with options {phase=BUILD}
23:23:43.908 [Worker-3] INFO  o.a.AndroidAnnotationProcessor:84 - Initialize AndroidAnnotations 3.1 with options {phase=BUILD}
23:24:11.785 [Worker-13] INFO  o.a.AndroidAnnotationProcessor:84 - Initialize AndroidAnnotations 3.1 with options {phase=BUILD}
23:24:35.319 [Worker-3] INFO  o.a.AndroidAnnotationProcessor:84 - Initialize AndroidAnnotations 3.1 with options {phase=BUILD}
23:28:38.868 [Worker-10] INFO  o.a.AndroidAnnotationProcessor:84 - Initialize AndroidAnnotations 3.1 with options {phase=BUILD}
23:29:59.9 [Worker-10] INFO  o.a.AndroidAnnotationProcessor:84 - Initialize AndroidAnnotations 3.1 with options {phase=BUILD}
23:29:59.10 [Worker-10] INFO  o.a.AndroidAnnotationProcessor:108 - Start processing for 9 annotations on 1 elements
23:29:59.26 [Worker-10] DEBUG o.a.h.AndroidManifestFinder:137 - AndroidManifest.xml file found in parent folder /home/juliocnsouza/Projects/AndroidAnnotationsLab/AndroidAnnotationsLab/app: /home/juliocnsouza/Projects/AndroidAnnotationsLab/AndroidAnnotationsLab/app/AndroidManifest.xml
23:29:59.28 [Worker-10] WARN  o.a.h.AndroidManifestFinder:252 - A class activity declared in the AndroidManifest.xml cannot be found in the compile path: [.PostActivity]
23:29:59.29 [Worker-10] INFO  o.a.AndroidAnnotationProcessor:171 - AndroidManifest.xml found: AndroidManifest [applicationPackage=br.com.juliocnsouza.twitterconnect, componentQualifiedNames=[], permissionQualifiedNames=[], applicationClassName=null, libraryProject=false, debugabble=false, minSdkVersion=8, maxSdkVersion=-1, targetSdkVersion=21]
23:29:59.29 [Worker-10] INFO  o.a.r.ProjectRClassFinder:50 - Found project R class: br.com.juliocnsouza.twitterconnect.R
23:29:59.36 [Worker-10] INFO  o.a.r.AndroidRClassFinder:44 - Found Android class: android.R
23:29:59.55 [Worker-10] INFO  o.a.p.ModelValidator:42 - Validating elements
23:29:59.55 [Worker-10] DEBUG o.a.p.ModelValidator:62 - Validating with EActivityHandler: [br.com.juliocnsouza.twitterconnect.activity.PostActivity]
23:29:59.58 [Worker-10] ERROR o.a.h.AnnotationHelper:127 - Resource id value not found in R.layout: 0
23:29:59.58 [Worker-10] WARN  o.a.h.AnnotationHelper:127 - The component PostActivity_ is not registered in the AndroidManifest.xml file.
23:29:59.58 [Worker-10] WARN  o.a.p.ModelValidator:69 - Element EActivityHandler unvalidated by 
23:29:59.59 [Worker-10] DEBUG o.a.p.ModelValidator:62 - Validating with ViewByIdHandler: [lblUser, btnSendMessage, lblCharCounter, txtTweet]
23:29:59.61 [Worker-10] DEBUG o.a.p.ModelValidator:62 - Validating with ClickHandler: [public void onClickBtnSendMessage() ]
23:29:59.63 [Worker-10] ERROR o.a.h.AnnotationHelper:127 - Resource name not found in R.id: onClickBtnSendMessage
23:29:59.63 [Worker-10] WARN  o.a.p.ModelValidator:69 - Element ClickHandler unvalidated by 
23:29:59.63 [Worker-10] DEBUG o.a.p.ModelValidator:62 - Validating with OptionsMenuHandler: [br.com.juliocnsouza.twitterconnect.activity.PostActivity]
23:29:59.65 [Worker-10] ERROR o.a.h.AnnotationHelper:127 - @org.androidannotations.annotations.OptionsMenu needs an annotation value
23:29:59.65 [Worker-10] WARN  o.a.p.ModelValidator:69 - Element OptionsMenuHandler unvalidated by 
23:29:59.65 [Worker-10] DEBUG o.a.p.ModelValidator:62 - Validating with OptionsItemHandler: [boolean menuItemSettings() , boolean menuItemAbout() ]
23:29:59.66 [Worker-10] ERROR o.a.h.AnnotationHelper:127 - Resource name not found in R.id: menuItemSettings
23:29:59.66 [Worker-10] WARN  o.a.p.ModelValidator:69 - Element OptionsItemHandler unvalidated by 
23:29:59.67 [Worker-10] ERROR o.a.h.AnnotationHelper:127 - Resource name not found in R.id: menuItemAbout
23:29:59.67 [Worker-10] WARN  o.a.p.ModelValidator:69 - Element OptionsItemHandler unvalidated by 
23:29:59.67 [Worker-10] DEBUG o.a.p.ModelValidator:62 - Validating with AfterTextChangeHandler: [public void updateCharCounter() ]
23:29:59.68 [Worker-10] ERROR o.a.h.AnnotationHelper:127 - Resource name not found in R.id: updateCharCounter
23:29:59.68 [Worker-10] WARN  o.a.p.ModelValidator:69 - Element AfterTextChangeHandler unvalidated by 
23:29:59.68 [Worker-10] DEBUG o.a.p.ModelValidator:62 - Validating with AfterViewsHandler: [void configureCharCounter() , void configureUser() ]
23:29:59.68 [Worker-10] DEBUG o.a.p.ModelValidator:62 - Validating with UiThreadHandler: [void displayResult(java.lang.String) ]
23:29:59.69 [Worker-10] DEBUG o.a.p.ModelValidator:62 - Validating with BackgroundHandler: [void startPostOnTwitter() ]
23:29:59.76 [Worker-10] INFO  o.a.p.ModelProcessor:69 - Processing root elements
23:29:59.76 [Worker-10] INFO  o.a.p.ModelProcessor:77 - Processing enclosed elements
23:30:00.377 [Worker-10] ERROR o.a.AndroidAnnotationProcessor:268 - Something went wrong: Unexpected error in AndroidAnnotations 3.1!
You should check if there is already an issue about it on https://github.com/excilys/androidannotations/search?q=java.lang.NullPointerException&type=Issues
If none exists, please open a new one with the following content and tell us if you can reproduce it or not. Don't forget to give us as much information as you can (like parts of your code in failure).
Java version: javac 1.7.0_72
Javac processors options: phase=BUILD
Stacktrace: java.lang.NullPointerException
	at org.androidannotations.handler.ViewByIdHandler.process(ViewByIdHandler.java:74)
	at org.androidannotations.handler.ViewByIdHandler.process(ViewByIdHandler.java:36)
	at org.androidannotations.process.ModelProcessor.processThrowing(ModelProcessor.java:136)
	at org.androidannotations.process.ModelProcessor.process(ModelProcessor.java:120)
	at org.androidannotations.AndroidAnnotationProcessor.processAnnotations(AndroidAnnotationProcessor.java:243)
	at org.androidannotations.AndroidAnnotationProcessor.processThrowing(AndroidAnnotationProcessor.java:185)
	at org.androidannotations.AndroidAnnotationProcessor.process(AndroidAnnotationProcessor.java:113)
	at org.eclipse.jdt.internal.compiler.apt.dispatch.RoundDispatcher.handleProcessor(RoundDispatcher.java:139)
	at org.eclipse.jdt.internal.compiler.apt.dispatch.RoundDispatcher.round(RoundDispatcher.java:121)
	at org.eclipse.jdt.internal.compiler.apt.dispatch.BaseAnnotationProcessorManager.processAnnotations(BaseAnnotationProcessorManager.java:159)
	at org.eclipse.jdt.internal.apt.pluggable.core.dispatch.IdeAnnotationProcessorManager.processAnnotations(IdeAnnotationProcessorManager.java:134)
	at org.eclipse.jdt.internal.compiler.Compiler.processAnnotations(Compiler.java:820)
	at org.eclipse.jdt.internal.compiler.Compiler.compile(Compiler.java:434)
	at org.eclipse.jdt.internal.core.builder.AbstractImageBuilder.compile(AbstractImageBuilder.java:366)
	at org.eclipse.jdt.internal.core.builder.IncrementalImageBuilder.compile(IncrementalImageBuilder.java:329)
	at org.eclipse.jdt.internal.core.builder.AbstractImageBuilder.compile(AbstractImageBuilder.java:303)
	at org.eclipse.jdt.internal.core.builder.IncrementalImageBuilder.build(IncrementalImageBuilder.java:134)
	at org.eclipse.jdt.internal.core.builder.JavaBuilder.buildDeltas(JavaBuilder.java:265)
	at org.eclipse.jdt.internal.core.builder.JavaBuilder.build(JavaBuilder.java:193)
	at org.eclipse.core.internal.events.BuildManager$2.run(BuildManager.java:733)
	at org.eclipse.core.runtime.SafeRunner.run(SafeRunner.java:42)
	at org.eclipse.core.internal.events.BuildManager.basicBuild(BuildManager.java:206)
	at org.eclipse.core.internal.events.BuildManager.basicBuild(BuildManager.java:246)
	at org.eclipse.core.internal.events.BuildManager$1.run(BuildManager.java:299)
	at org.eclipse.core.runtime.SafeRunner.run(SafeRunner.java:42)
	at org.eclipse.core.internal.events.BuildManager.basicBuild(BuildManager.java:302)
	at org.eclipse.core.internal.events.BuildManager.basicBuildLoop(BuildManager.java:358)
	at org.eclipse.core.internal.events.BuildManager.build(BuildManager.java:381)
	at org.eclipse.core.internal.events.AutoBuildJob.doBuild(AutoBuildJob.java:143)
	at org.eclipse.core.internal.events.AutoBuildJob.run(AutoBuildJob.java:241)
	at org.eclipse.core.internal.jobs.Worker.run(Worker.java:53)
Thrown from: br.com.juliocnsouza.twitterconnect.activity.PostActivity
Element (VariableElementImpl): lblUser


23:30:00.377 [Worker-10] INFO  o.a.p.TimeStats:81 - Time measurements: [Whole Processing = 1367 ms], [Find R Classes = 19 ms], [Validate Annotations = 15 ms], [Extract Annotations = 14 ms], [Extract Manifest = 5 ms], 
23:30:00.377 [Worker-10] INFO  o.a.AndroidAnnotationProcessor:122 - Finish processing
23:30:24.941 [Worker-10] INFO  o.a.AndroidAnnotationProcessor:84 - Initialize AndroidAnnotations 3.1 with options {phase=BUILD}
23:30:24.942 [Worker-10] INFO  o.a.AndroidAnnotationProcessor:108 - Start processing for 9 annotations on 3 elements
23:30:24.953 [Worker-10] DEBUG o.a.h.AndroidManifestFinder:137 - AndroidManifest.xml file found in parent folder /home/juliocnsouza/Projects/AndroidAnnotationsLab/AndroidAnnotationsLab/app: /home/juliocnsouza/Projects/AndroidAnnotationsLab/AndroidAnnotationsLab/app/AndroidManifest.xml
23:30:24.954 [Worker-10] WARN  o.a.h.AndroidManifestFinder:252 - A class activity declared in the AndroidManifest.xml cannot be found in the compile path: [.PostActivity]
23:30:24.954 [Worker-10] INFO  o.a.AndroidAnnotationProcessor:171 - AndroidManifest.xml found: AndroidManifest [applicationPackage=br.com.juliocnsouza.twitterconnect, componentQualifiedNames=[], permissionQualifiedNames=[], applicationClassName=null, libraryProject=false, debugabble=false, minSdkVersion=8, maxSdkVersion=-1, targetSdkVersion=21]
23:30:24.955 [Worker-10] INFO  o.a.r.ProjectRClassFinder:50 - Found project R class: br.com.juliocnsouza.twitterconnect.R
23:30:24.963 [Worker-10] INFO  o.a.r.AndroidRClassFinder:44 - Found Android class: android.R
23:30:24.975 [Worker-10] INFO  o.a.p.ModelValidator:42 - Validating elements
23:30:24.976 [Worker-10] DEBUG o.a.p.ModelValidator:62 - Validating with EActivityHandler: [br.com.juliocnsouza.twitterconnect.activity.PostActivity]
23:30:24.976 [Worker-10] WARN  o.a.h.AnnotationHelper:127 - The component PostActivity_ is not registered in the AndroidManifest.xml file.
23:30:24.977 [Worker-10] DEBUG o.a.p.ModelValidator:62 - Validating with ViewByIdHandler: [btnSendMessage, txtTweet, lblUser, lblCharCounter]
23:30:24.979 [Worker-10] DEBUG o.a.p.ModelValidator:62 - Validating with ClickHandler: [public void onClickBtnSendMessage() ]
23:30:24.980 [Worker-10] DEBUG o.a.p.ModelValidator:62 - Validating with OptionsMenuHandler: [br.com.juliocnsouza.twitterconnect.activity.PostActivity]
23:30:24.980 [Worker-10] DEBUG o.a.p.ModelValidator:62 - Validating with OptionsItemHandler: [boolean menuItemAbout() , boolean menuItemSettings() ]
23:30:24.981 [Worker-10] ERROR o.a.h.AnnotationHelper:127 - Resource name not found in R.id: menuItemAbout
23:30:24.981 [Worker-10] WARN  o.a.p.ModelValidator:69 - Element OptionsItemHandler unvalidated by 
23:30:24.981 [Worker-10] DEBUG o.a.p.ModelValidator:62 - Validating with AfterTextChangeHandler: [public void updateCharCounter() ]
23:30:24.982 [Worker-10] DEBUG o.a.p.ModelValidator:62 - Validating with AfterViewsHandler: [void configureCharCounter() , void configureUser() ]
23:30:24.982 [Worker-10] DEBUG o.a.p.ModelValidator:62 - Validating with UiThreadHandler: [void displayResult(java.lang.String) ]
23:30:24.983 [Worker-10] DEBUG o.a.p.ModelValidator:62 - Validating with BackgroundHandler: [void startPostOnTwitter() ]
23:30:24.983 [Worker-10] INFO  o.a.p.ModelProcessor:69 - Processing root elements
23:30:24.983 [Worker-10] DEBUG o.a.p.ModelProcessor:160 - Processing root elements EActivityHandler: [br.com.juliocnsouza.twitterconnect.activity.PostActivity]
23:30:25.2 [Worker-10] INFO  o.a.p.ModelProcessor:77 - Processing enclosed elements
23:30:25.12 [Worker-10] INFO  o.a.AndroidAnnotationProcessor:250 - Number of files generated by AndroidAnnotations: 1
23:30:25.14 [Worker-10] INFO  o.a.g.ApiCodeGenerator:52 - Writting following API classes in project: []
23:30:25.15 [Worker-10] DEBUG o.a.g.SourceCodewriter:55 - Generating class: br.com.juliocnsouza.twitterconnect.activity.PostActivity_
23:30:25.32 [Worker-10] INFO  o.a.p.TimeStats:81 - Time measurements: [Whole Processing = 90 ms], [Process Annotations = 29 ms], [Find R Classes = 20 ms], [Generate Sources = 20 ms], [Extract Annotations = 11 ms], [Validate Annotations = 8 ms], [Extract Manifest = 1 ms], 
23:30:25.32 [Worker-10] INFO  o.a.AndroidAnnotationProcessor:122 - Finish processing
23:31:30.553 [Worker-6] INFO  o.a.AndroidAnnotationProcessor:84 - Initialize AndroidAnnotations 3.1 with options {phase=BUILD}
23:31:30.590 [Worker-6] INFO  o.a.AndroidAnnotationProcessor:108 - Start processing for 9 annotations on 2 elements
23:31:30.601 [Worker-6] DEBUG o.a.h.AndroidManifestFinder:137 - AndroidManifest.xml file found in parent folder /home/juliocnsouza/Projects/AndroidAnnotationsLab/AndroidAnnotationsLab/app: /home/juliocnsouza/Projects/AndroidAnnotationsLab/AndroidAnnotationsLab/app/AndroidManifest.xml
23:31:30.603 [Worker-6] WARN  o.a.h.AndroidManifestFinder:252 - A class activity declared in the AndroidManifest.xml cannot be found in the compile path: [.PostActivity]
23:31:30.603 [Worker-6] INFO  o.a.AndroidAnnotationProcessor:171 - AndroidManifest.xml found: AndroidManifest [applicationPackage=br.com.juliocnsouza.twitterconnect, componentQualifiedNames=[], permissionQualifiedNames=[], applicationClassName=null, libraryProject=false, debugabble=false, minSdkVersion=8, maxSdkVersion=-1, targetSdkVersion=21]
23:31:30.603 [Worker-6] INFO  o.a.r.ProjectRClassFinder:50 - Found project R class: br.com.juliocnsouza.twitterconnect.R
23:31:30.607 [Worker-6] INFO  o.a.r.AndroidRClassFinder:44 - Found Android class: android.R
23:31:30.617 [Worker-6] INFO  o.a.p.ModelValidator:42 - Validating elements
23:31:30.617 [Worker-6] DEBUG o.a.p.ModelValidator:62 - Validating with EActivityHandler: [br.com.juliocnsouza.twitterconnect.activity.PostActivity]
23:31:30.618 [Worker-6] WARN  o.a.h.AnnotationHelper:127 - The component PostActivity_ is not registered in the AndroidManifest.xml file.
23:31:30.618 [Worker-6] DEBUG o.a.p.ModelValidator:62 - Validating with ViewByIdHandler: [txtTweet, lblCharCounter, lblUser, btnSendMessage]
23:31:30.620 [Worker-6] DEBUG o.a.p.ModelValidator:62 - Validating with ClickHandler: [public void onClickBtnSendMessage() ]
23:31:30.620 [Worker-6] DEBUG o.a.p.ModelValidator:62 - Validating with OptionsMenuHandler: [br.com.juliocnsouza.twitterconnect.activity.PostActivity]
23:31:30.621 [Worker-6] DEBUG o.a.p.ModelValidator:62 - Validating with OptionsItemHandler: [boolean menuItemAbout() , boolean menuItemSettings() ]
23:31:30.621 [Worker-6] DEBUG o.a.p.ModelValidator:62 - Validating with AfterTextChangeHandler: [public void updateCharCounter() ]
23:31:30.622 [Worker-6] DEBUG o.a.p.ModelValidator:62 - Validating with AfterViewsHandler: [void configureUser() , void configureCharCounter() ]
23:31:30.622 [Worker-6] DEBUG o.a.p.ModelValidator:62 - Validating with UiThreadHandler: [void displayResult(java.lang.String) ]
23:31:30.622 [Worker-6] DEBUG o.a.p.ModelValidator:62 - Validating with BackgroundHandler: [void startPostOnTwitter() ]
23:31:30.623 [Worker-6] INFO  o.a.p.ModelProcessor:69 - Processing root elements
23:31:30.623 [Worker-6] DEBUG o.a.p.ModelProcessor:160 - Processing root elements EActivityHandler: [br.com.juliocnsouza.twitterconnect.activity.PostActivity]
23:31:30.625 [Worker-6] INFO  o.a.p.ModelProcessor:77 - Processing enclosed elements
23:31:30.625 [Worker-6] DEBUG o.a.p.ModelProcessor:89 - Processing enclosed elements with ViewByIdHandler: [org.androidannotations.model.AnnotationElements$AnnotatedAndRootElements@1acffab2, org.androidannotations.model.AnnotationElements$AnnotatedAndRootElements@4c53c9de, org.androidannotations.model.AnnotationElements$AnnotatedAndRootElements@705a064a, org.androidannotations.model.AnnotationElements$AnnotatedAndRootElements@26531de6]
23:31:30.626 [Worker-6] DEBUG o.a.p.ModelProcessor:89 - Processing enclosed elements with ClickHandler: [org.androidannotations.model.AnnotationElements$AnnotatedAndRootElements@4f58fd3]
23:31:30.627 [Worker-6] DEBUG o.a.p.ModelProcessor:89 - Processing enclosed elements with OptionsMenuHandler: [org.androidannotations.model.AnnotationElements$AnnotatedAndRootElements@9038cb3]
23:31:30.627 [Worker-6] DEBUG o.a.p.ModelProcessor:89 - Processing enclosed elements with OptionsItemHandler: [org.androidannotations.model.AnnotationElements$AnnotatedAndRootElements@72c19c31, org.androidannotations.model.AnnotationElements$AnnotatedAndRootElements@1c71caed]
23:31:30.628 [Worker-6] DEBUG o.a.p.ModelProcessor:89 - Processing enclosed elements with AfterTextChangeHandler: [org.androidannotations.model.AnnotationElements$AnnotatedAndRootElements@245cf77f]
23:31:30.628 [Worker-6] DEBUG o.a.p.ModelProcessor:89 - Processing enclosed elements with AfterViewsHandler: [org.androidannotations.model.AnnotationElements$AnnotatedAndRootElements@19098a2f, org.androidannotations.model.AnnotationElements$AnnotatedAndRootElements@480a4064]
23:31:30.629 [Worker-6] DEBUG o.a.p.ModelProcessor:89 - Processing enclosed elements with UiThreadHandler: [org.androidannotations.model.AnnotationElements$AnnotatedAndRootElements@414f2080]
23:31:30.629 [Worker-6] DEBUG o.a.p.ModelProcessor:89 - Processing enclosed elements with BackgroundHandler: [org.androidannotations.model.AnnotationElements$AnnotatedAndRootElements@38cb3272]
23:31:30.629 [Worker-6] INFO  o.a.AndroidAnnotationProcessor:250 - Number of files generated by AndroidAnnotations: 1
23:31:30.630 [Worker-6] INFO  o.a.g.ApiCodeGenerator:52 - Writting following API classes in project: []
23:31:30.630 [Worker-6] DEBUG o.a.g.SourceCodewriter:55 - Generating class: br.com.juliocnsouza.twitterconnect.activity.PostActivity_
23:31:30.664 [Worker-6] INFO  o.a.p.TimeStats:81 - Time measurements: [Whole Processing = 74 ms], [Generate Sources = 35 ms], [Find R Classes = 13 ms], [Extract Annotations = 10 ms], [Validate Annotations = 6 ms], [Process Annotations = 6 ms], [Extract Manifest = 2 ms], 
23:31:30.665 [Worker-6] INFO  o.a.AndroidAnnotationProcessor:122 - Finish processing
